[debug] [2020-04-23T01:33:09.871Z] ----------------------------------------------------------------------
[debug] [2020-04-23T01:33:09.874Z] Command:       C:\Program Files\nodejs\node.exe C:\Users\Fauzan\AppData\Roaming\npm\node_modules\firebase-tools\lib\bin\firebase.js serve
[debug] [2020-04-23T01:33:09.874Z] CLI Version:   8.1.1
[debug] [2020-04-23T01:33:09.874Z] Platform:      win32
[debug] [2020-04-23T01:33:09.875Z] Node Version:  v12.16.1
[debug] [2020-04-23T01:33:09.875Z] Time:          Thu Apr 23 2020 08:33:09 GMT+0700 (Indochina Time)
[debug] [2020-04-23T01:33:09.876Z] ----------------------------------------------------------------------
[debug] [2020-04-23T01:33:09.876Z] 
[debug] [2020-04-23T01:33:09.885Z] > command requires scopes: ["email","openid","https://www.googleapis.com/auth/cloudplatformprojects.readonly","https://www.googleapis.com/auth/firebase","https://www.googleapis.com/auth/cloud-platform"]
[debug] [2020-04-23T01:33:09.885Z] > authorizing via signed-in user
[debug] [2020-04-23T01:33:09.885Z] [iam] checking project react-auth-60e0b for permissions ["firebase.projects.get"]
[debug] [2020-04-23T01:33:09.889Z] >>> HTTP REQUEST POST https://cloudresourcemanager.googleapis.com/v1/projects/react-auth-60e0b:testIamPermissions  
 {"permissions":["firebase.projects.get"]}
[debug] [2020-04-23T01:33:11.552Z] <<< HTTP RESPONSE 200 {"content-type":"application/json; charset=UTF-8","vary":"X-Origin, Referer, Origin,Accept-Encoding","date":"Thu, 23 Apr 2020 01:33:09 GMT","server":"ESF","cache-control":"private","x-xss-protection":"0","x-frame-options":"SAMEORIGIN","x-content-type-options":"nosniff","server-timing":"gfet4t7; dur=1132","alt-svc":"quic=\":443\"; ma=2592000; v=\"46,43\",h3-Q050=\":443\"; ma=2592000,h3-Q049=\":443\"; ma=2592000,h3-Q048=\":443\"; ma=2592000,h3-Q046=\":443\"; ma=2592000,h3-Q043=\":443\"; ma=2592000,h3-T050=\":443\"; ma=2592000","accept-ranges":"none","transfer-encoding":"chunked"}
[debug] [2020-04-23T01:33:11.554Z] >>> HTTP REQUEST GET https://firebase.googleapis.com/v1beta1/projects/react-auth-60e0b  
 
[debug] [2020-04-23T01:33:12.192Z] <<< HTTP RESPONSE 200 {"content-type":"application/json; charset=UTF-8","vary":"X-Origin, Referer, Origin,Accept-Encoding","date":"Thu, 23 Apr 2020 01:33:10 GMT","server":"ESF","cache-control":"private","x-xss-protection":"0","x-frame-options":"SAMEORIGIN","x-content-type-options":"nosniff","alt-svc":"quic=\":443\"; ma=2592000; v=\"46,43\",h3-Q050=\":443\"; ma=2592000,h3-Q049=\":443\"; ma=2592000,h3-Q048=\":443\"; ma=2592000,h3-Q046=\":443\"; ma=2592000,h3-Q043=\":443\"; ma=2592000,h3-T050=\":443\"; ma=2592000","accept-ranges":"none","transfer-encoding":"chunked"}
[info] 
[info] === Serving from 'D:\Kuliah\Sem 6\Pemrograman Berbasi Framework (ReactJs)\W11\react-auth'...
[info] 
[debug] [2020-04-23T01:33:12.196Z] >>> HTTP REQUEST GET https://firebase.googleapis.com/v1beta1/projects/react-auth-60e0b/webApps/-/config  
 
[debug] [2020-04-23T01:33:13.339Z] <<< HTTP RESPONSE 200 {"content-type":"application/json; charset=UTF-8","vary":"X-Origin, Referer, Origin,Accept-Encoding","date":"Thu, 23 Apr 2020 01:33:11 GMT","server":"ESF","cache-control":"private","x-xss-protection":"0","x-frame-options":"SAMEORIGIN","x-content-type-options":"nosniff","alt-svc":"quic=\":443\"; ma=2592000; v=\"46,43\",h3-Q050=\":443\"; ma=2592000,h3-Q049=\":443\"; ma=2592000,h3-Q048=\":443\"; ma=2592000,h3-Q046=\":443\"; ma=2592000,h3-Q043=\":443\"; ma=2592000,h3-T050=\":443\"; ma=2592000","accept-ranges":"none","transfer-encoding":"chunked"}
[info] i  hosting: Serving hosting files from: public
[info] +  hosting: Local server: http://localhost:5000
